<?xml version="1.0" encoding="UTF-8"?>
<!-- Generated by org.testng.reporters.JUnitXMLReporter -->
<testsuite ignored="2" hostname="DESKTOP-9060QJV" failures="0" tests="1" name="Default test" time="12.994" errors="0" timestamp="24 Sept 2025 06:40:38 GMT">
  <testcase classname="advanceReport.AdwanceReportWithAttachScreenshot" name="createContactTest" time="12.929"/>
  <testcase classname="advanceReport.AdwanceReportWithAttachScreenshot" name="createContactTestwithORG" time="0.0">
    <ignored/>
  </testcase> <!-- createContactTestwithORG -->
  <testcase classname="advanceReport.AdwanceReportWithAttachScreenshot" name="createContactTestwithPhoneNumber" time="0.0">
    <ignored/>
  </testcase> <!-- createContactTestwithPhoneNumber -->
</testsuite> <!-- Default test -->
