<?xml version="1.0" encoding="UTF-8"?>
<!-- Generated by org.testng.reporters.JUnitXMLReporter -->
<testsuite ignored="2" hostname="DESKTOP-9060QJV" failures="0" tests="4" name="Test" time="0.165" errors="0" timestamp="18 Sept 2025 10:38:12 GMT">
  <testcase classname="GroupExecution.CreateOrganizationTestWithBlankBaseClass" name="createOrgTest" time="0.032"/>
  <testcase classname="GroupExecution.CreateOrganizationTestWithBlankBaseClass" name="createorgWithIndustry" time="0.007"/>
  <testcase classname="GroupExecution.CreateContactTestWithBlankBaseClass" name="createContact" time="0.012"/>
  <testcase classname="GroupExecution.CreateContactTestWithBlankBaseClass" name="createContactWithDate" time="0.006"/>
  <testcase classname="GroupExecution.BlankBaseClass" name="@BeforeSuite configBS" time="0.0">
    <ignored/>
  </testcase> <!-- @BeforeSuite configBS -->
  <testcase classname="GroupExecution.BlankBaseClass" name="@AfterSuite configAS" time="0.0">
    <ignored/>
  </testcase> <!-- @AfterSuite configAS -->
</testsuite> <!-- Test -->
