<?xml version="1.0" encoding="UTF-8"?>
<testng-results ignored="2" total="3" passed="1" failed="0" skipped="0">
  <reporter-output>
  </reporter-output>
  <suite started-at="2025-09-24T06:40:25Z" name="Default suite" finished-at="2025-09-24T06:40:38Z" duration-ms="12994">
    <groups>
    </groups>
    <test started-at="2025-09-24T06:40:25Z" name="Default test" finished-at="2025-09-24T06:40:38Z" duration-ms="12994">
      <class name="advanceReport.AdwanceReportWithAttachScreenshot">
        <test-method is-config="true" signature="configBS()[pri:0, instance:advanceReport.AdwanceReportWithAttachScreenshot@239a307b]" started-at="2025-09-24T06:40:24Z" name="configBS" finished-at="2025-09-24T06:40:25Z" duration-ms="1157" status="PASS">
          <reporter-output>
          </reporter-output>
        </test-method> <!-- configBS -->
        <test-method signature="createContactTest()[pri:0, instance:advanceReport.AdwanceReportWithAttachScreenshot@239a307b]" started-at="2025-09-24T06:40:25Z" name="createContactTest" finished-at="2025-09-24T06:40:38Z" duration-ms="12929" status="PASS">
          <reporter-output>
          </reporter-output>
        </test-method> <!-- createContactTest -->
        <test-method is-config="true" signature="configAS()[pri:0, instance:advanceReport.AdwanceReportWithAttachScreenshot@239a307b]" started-at="2025-09-24T06:40:38Z" name="configAS" finished-at="2025-09-24T06:40:39Z" duration-ms="1186" status="PASS">
          <reporter-output>
          </reporter-output>
        </test-method> <!-- configAS -->
      </class> <!-- advanceReport.AdwanceReportWithAttachScreenshot -->
    </test> <!-- Default test -->
  </suite> <!-- Default suite -->
</testng-results>
