<?xml version="1.0" encoding="UTF-8"?>
<!-- Generated by org.testng.reporters.JUnitReportReporter -->
<testsuite hostname="DESKTOP-9060QJV" failures="0" tests="2" name="GroupExecution.CreateContactTestWithBlankBaseClass" time="0.025" errors="0" timestamp="18 Sept 2025 10:38:12 GMT" skipped="0">
  <testcase classname="GroupExecution.CreateContactTestWithBlankBaseClass" name="createContactWithDate" time="0.012"/>
  <testcase classname="GroupExecution.CreateContactTestWithBlankBaseClass" name="createContact" time="0.013"/>
</testsuite> <!-- GroupExecution.CreateContactTestWithBlankBaseClass -->
